2024-05-07T05:58:34.350Z  INFO 12848 --- [LoginApp] [main] c.c.repository.LoginAppRepositoryTest    : Starting LoginAppRepositoryTest using Java 17.0.10 with PID 12848 (started by ubuntu in /home/ubuntu/CogPsSolution/Capstone Project/capstoneproject/LoginApp)
2024-05-07T05:58:34.382Z  INFO 12848 --- [LoginApp] [main] c.c.repository.LoginAppRepositoryTest    : No active profile set, falling back to 1 default profile: "default"
2024-05-07T05:58:36.494Z  INFO 12848 --- [LoginApp] [main] .s.d.r.c.RepositoryConfigurationDelegate : Bootstrapping Spring Data JPA repositories in DEFAULT mode.
2024-05-07T05:58:36.642Z  INFO 12848 --- [LoginApp] [main] .s.d.r.c.RepositoryConfigurationDelegate : Finished Spring Data repository scanning in 128 ms. Found 1 JPA repository interface.
2024-05-07T05:58:37.852Z  INFO 12848 --- [LoginApp] [main] o.hibernate.jpa.internal.util.LogHelper  : HHH000204: Processing PersistenceUnitInfo [name: default]
2024-05-07T05:58:37.944Z  INFO 12848 --- [LoginApp] [main] org.hibernate.Version                    : HHH000412: Hibernate ORM core version 6.4.4.Final
2024-05-07T05:58:38.018Z  INFO 12848 --- [LoginApp] [main] o.h.c.internal.RegionFactoryInitiator    : HHH000026: Second-level cache disabled
2024-05-07T05:58:38.540Z  INFO 12848 --- [LoginApp] [main] o.s.o.j.p.SpringPersistenceUnitInfo      : No LoadTimeWeaver setup: ignoring JPA class transformer
2024-05-07T05:58:38.597Z  INFO 12848 --- [LoginApp] [main] com.zaxxer.hikari.HikariDataSource       : HikariPool-1 - Starting...
2024-05-07T05:58:39.433Z  INFO 12848 --- [LoginApp] [main] com.zaxxer.hikari.pool.HikariPool        : HikariPool-1 - Added connection com.mysql.cj.jdbc.ConnectionImpl@27afbf14
2024-05-07T05:58:39.437Z  INFO 12848 --- [LoginApp] [main] com.zaxxer.hikari.HikariDataSource       : HikariPool-1 - Start completed.
2024-05-07T05:58:39.727Z  WARN 12848 --- [LoginApp] [main] org.hibernate.orm.deprecation            : HHH90000025: MySQLDialect does not need to be specified explicitly using 'hibernate.dialect' (remove the property setting and it will be selected by default)
2024-05-07T05:58:42.115Z  INFO 12848 --- [LoginApp] [main] o.h.e.t.j.p.i.JtaPlatformInitiator       : HHH000489: No JTA platform available (set 'hibernate.transaction.jta.platform' to enable JTA platform integration)
2024-05-07T05:58:42.362Z  INFO 12848 --- [LoginApp] [main] j.LocalContainerEntityManagerFactoryBean : Initialized JPA EntityManagerFactory for persistence unit 'default'
2024-05-07T05:58:43.039Z  INFO 12848 --- [LoginApp] [main] o.s.d.j.r.query.QueryEnhancerFactory     : Hibernate is in classpath; If applicable, HQL parser will be used.
2024-05-07T05:58:43.530Z  WARN 12848 --- [LoginApp] [main] JpaBaseConfiguration$JpaWebConfiguration : spring.jpa.open-in-view is enabled by default. Therefore, database queries may be performed during view rendering. Explicitly configure spring.jpa.open-in-view to disable this warning
2024-05-07T05:58:44.633Z  INFO 12848 --- [LoginApp] [main] c.c.repository.LoginAppRepositoryTest    : Started LoginAppRepositoryTest in 11.024 seconds (process running for 13.962)
2024-05-07T05:58:47.312Z  INFO 12848 --- [LoginApp] [SpringApplicationShutdownHook] j.LocalContainerEntityManagerFactoryBean : Closing JPA EntityManagerFactory for persistence unit 'default'
2024-05-07T05:58:47.317Z  INFO 12848 --- [LoginApp] [SpringApplicationShutdownHook] com.zaxxer.hikari.HikariDataSource       : HikariPool-1 - Shutdown initiated...
2024-05-07T05:58:47.344Z  INFO 12848 --- [LoginApp] [SpringApplicationShutdownHook] com.zaxxer.hikari.HikariDataSource       : HikariPool-1 - Shutdown completed.
2024-05-07T06:04:50.326Z  INFO 13474 --- [LoginApp] [main] c.c.repository.LoginAppRepositoryTest    : Starting LoginAppRepositoryTest using Java 17.0.10 with PID 13474 (started by ubuntu in /home/ubuntu/CogPsSolution/Capstone Project/capstoneproject/LoginApp)
2024-05-07T06:04:50.333Z  INFO 13474 --- [LoginApp] [main] c.c.repository.LoginAppRepositoryTest    : No active profile set, falling back to 1 default profile: "default"
2024-05-07T06:04:52.363Z  INFO 13474 --- [LoginApp] [main] .s.d.r.c.RepositoryConfigurationDelegate : Bootstrapping Spring Data JPA repositories in DEFAULT mode.
2024-05-07T06:04:52.523Z  INFO 13474 --- [LoginApp] [main] .s.d.r.c.RepositoryConfigurationDelegate : Finished Spring Data repository scanning in 139 ms. Found 1 JPA repository interface.
2024-05-07T06:04:53.786Z  INFO 13474 --- [LoginApp] [main] o.hibernate.jpa.internal.util.LogHelper  : HHH000204: Processing PersistenceUnitInfo [name: default]
2024-05-07T06:04:53.881Z  INFO 13474 --- [LoginApp] [main] org.hibernate.Version                    : HHH000412: Hibernate ORM core version 6.4.4.Final
2024-05-07T06:04:53.981Z  INFO 13474 --- [LoginApp] [main] o.h.c.internal.RegionFactoryInitiator    : HHH000026: Second-level cache disabled
2024-05-07T06:04:54.488Z  INFO 13474 --- [LoginApp] [main] o.s.o.j.p.SpringPersistenceUnitInfo      : No LoadTimeWeaver setup: ignoring JPA class transformer
2024-05-07T06:04:54.536Z  INFO 13474 --- [LoginApp] [main] com.zaxxer.hikari.HikariDataSource       : HikariPool-1 - Starting...
2024-05-07T06:04:55.312Z  INFO 13474 --- [LoginApp] [main] com.zaxxer.hikari.pool.HikariPool        : HikariPool-1 - Added connection com.mysql.cj.jdbc.ConnectionImpl@5112b7
2024-05-07T06:04:55.315Z  INFO 13474 --- [LoginApp] [main] com.zaxxer.hikari.HikariDataSource       : HikariPool-1 - Start completed.
2024-05-07T06:04:55.467Z  WARN 13474 --- [LoginApp] [main] org.hibernate.orm.deprecation            : HHH90000025: MySQLDialect does not need to be specified explicitly using 'hibernate.dialect' (remove the property setting and it will be selected by default)
2024-05-07T06:04:57.871Z  INFO 13474 --- [LoginApp] [main] o.h.e.t.j.p.i.JtaPlatformInitiator       : HHH000489: No JTA platform available (set 'hibernate.transaction.jta.platform' to enable JTA platform integration)
2024-05-07T06:04:58.056Z  INFO 13474 --- [LoginApp] [main] j.LocalContainerEntityManagerFactoryBean : Initialized JPA EntityManagerFactory for persistence unit 'default'
2024-05-07T06:04:58.630Z  INFO 13474 --- [LoginApp] [main] o.s.d.j.r.query.QueryEnhancerFactory     : Hibernate is in classpath; If applicable, HQL parser will be used.
2024-05-07T06:04:59.031Z  WARN 13474 --- [LoginApp] [main] JpaBaseConfiguration$JpaWebConfiguration : spring.jpa.open-in-view is enabled by default. Therefore, database queries may be performed during view rendering. Explicitly configure spring.jpa.open-in-view to disable this warning
2024-05-07T06:05:00.258Z  INFO 13474 --- [LoginApp] [main] c.c.repository.LoginAppRepositoryTest    : Started LoginAppRepositoryTest in 10.772 seconds (process running for 13.285)
2024-05-07T06:05:01.686Z  INFO 13474 --- [LoginApp] [SpringApplicationShutdownHook] j.LocalContainerEntityManagerFactoryBean : Closing JPA EntityManagerFactory for persistence unit 'default'
2024-05-07T06:05:01.693Z  INFO 13474 --- [LoginApp] [SpringApplicationShutdownHook] com.zaxxer.hikari.HikariDataSource       : HikariPool-1 - Shutdown initiated...
2024-05-07T06:05:01.725Z  INFO 13474 --- [LoginApp] [SpringApplicationShutdownHook] com.zaxxer.hikari.HikariDataSource       : HikariPool-1 - Shutdown completed.
2024-05-07T06:06:21.853Z  INFO 13733 --- [LoginApp] [main] c.c.repository.LoginAppRepositoryTest    : Starting LoginAppRepositoryTest using Java 17.0.10 with PID 13733 (started by ubuntu in /home/ubuntu/CogPsSolution/Capstone Project/capstoneproject/LoginApp)
2024-05-07T06:06:21.856Z  INFO 13733 --- [LoginApp] [main] c.c.repository.LoginAppRepositoryTest    : No active profile set, falling back to 1 default profile: "default"
2024-05-07T06:06:23.944Z  INFO 13733 --- [LoginApp] [main] .s.d.r.c.RepositoryConfigurationDelegate : Bootstrapping Spring Data JPA repositories in DEFAULT mode.
2024-05-07T06:06:24.062Z  INFO 13733 --- [LoginApp] [main] .s.d.r.c.RepositoryConfigurationDelegate : Finished Spring Data repository scanning in 101 ms. Found 1 JPA repository interface.
2024-05-07T06:06:25.371Z  INFO 13733 --- [LoginApp] [main] o.hibernate.jpa.internal.util.LogHelper  : HHH000204: Processing PersistenceUnitInfo [name: default]
2024-05-07T06:06:25.464Z  INFO 13733 --- [LoginApp] [main] org.hibernate.Version                    : HHH000412: Hibernate ORM core version 6.4.4.Final
2024-05-07T06:06:25.553Z  INFO 13733 --- [LoginApp] [main] o.h.c.internal.RegionFactoryInitiator    : HHH000026: Second-level cache disabled
2024-05-07T06:06:26.029Z  INFO 13733 --- [LoginApp] [main] o.s.o.j.p.SpringPersistenceUnitInfo      : No LoadTimeWeaver setup: ignoring JPA class transformer
2024-05-07T06:06:26.084Z  INFO 13733 --- [LoginApp] [main] com.zaxxer.hikari.HikariDataSource       : HikariPool-1 - Starting...
2024-05-07T06:06:26.968Z  INFO 13733 --- [LoginApp] [main] com.zaxxer.hikari.pool.HikariPool        : HikariPool-1 - Added connection com.mysql.cj.jdbc.ConnectionImpl@c732e1c
2024-05-07T06:06:26.972Z  INFO 13733 --- [LoginApp] [main] com.zaxxer.hikari.HikariDataSource       : HikariPool-1 - Start completed.
2024-05-07T06:06:27.089Z  WARN 13733 --- [LoginApp] [main] org.hibernate.orm.deprecation            : HHH90000025: MySQLDialect does not need to be specified explicitly using 'hibernate.dialect' (remove the property setting and it will be selected by default)
2024-05-07T06:06:29.456Z  INFO 13733 --- [LoginApp] [main] o.h.e.t.j.p.i.JtaPlatformInitiator       : HHH000489: No JTA platform available (set 'hibernate.transaction.jta.platform' to enable JTA platform integration)
2024-05-07T06:06:29.654Z  INFO 13733 --- [LoginApp] [main] j.LocalContainerEntityManagerFactoryBean : Initialized JPA EntityManagerFactory for persistence unit 'default'
2024-05-07T06:06:30.482Z  INFO 13733 --- [LoginApp] [main] o.s.d.j.r.query.QueryEnhancerFactory     : Hibernate is in classpath; If applicable, HQL parser will be used.
2024-05-07T06:06:31.008Z  WARN 13733 --- [LoginApp] [main] JpaBaseConfiguration$JpaWebConfiguration : spring.jpa.open-in-view is enabled by default. Therefore, database queries may be performed during view rendering. Explicitly configure spring.jpa.open-in-view to disable this warning
2024-05-07T06:06:32.353Z  INFO 13733 --- [LoginApp] [main] c.c.repository.LoginAppRepositoryTest    : Started LoginAppRepositoryTest in 11.239 seconds (process running for 13.843)
2024-05-07T06:06:33.915Z  INFO 13733 --- [LoginApp] [SpringApplicationShutdownHook] j.LocalContainerEntityManagerFactoryBean : Closing JPA EntityManagerFactory for persistence unit 'default'
2024-05-07T06:06:33.922Z  INFO 13733 --- [LoginApp] [SpringApplicationShutdownHook] com.zaxxer.hikari.HikariDataSource       : HikariPool-1 - Shutdown initiated...
2024-05-07T06:06:33.962Z  INFO 13733 --- [LoginApp] [SpringApplicationShutdownHook] com.zaxxer.hikari.HikariDataSource       : HikariPool-1 - Shutdown completed.
2024-05-07T06:10:22.032Z  INFO 14228 --- [LoginApp] [main] c.c.repository.LoginAppRepositoryTest    : Starting LoginAppRepositoryTest using Java 17.0.10 with PID 14228 (started by ubuntu in /home/ubuntu/CogPsSolution/Capstone Project/capstoneproject/LoginApp)
2024-05-07T06:10:22.038Z  INFO 14228 --- [LoginApp] [main] c.c.repository.LoginAppRepositoryTest    : No active profile set, falling back to 1 default profile: "default"
2024-05-07T06:10:24.097Z  INFO 14228 --- [LoginApp] [main] .s.d.r.c.RepositoryConfigurationDelegate : Bootstrapping Spring Data JPA repositories in DEFAULT mode.
2024-05-07T06:10:24.279Z  INFO 14228 --- [LoginApp] [main] .s.d.r.c.RepositoryConfigurationDelegate : Finished Spring Data repository scanning in 168 ms. Found 1 JPA repository interface.
2024-05-07T06:10:25.581Z  INFO 14228 --- [LoginApp] [main] o.hibernate.jpa.internal.util.LogHelper  : HHH000204: Processing PersistenceUnitInfo [name: default]
2024-05-07T06:10:25.719Z  INFO 14228 --- [LoginApp] [main] org.hibernate.Version                    : HHH000412: Hibernate ORM core version 6.4.4.Final
2024-05-07T06:10:25.822Z  INFO 14228 --- [LoginApp] [main] o.h.c.internal.RegionFactoryInitiator    : HHH000026: Second-level cache disabled
2024-05-07T06:10:26.452Z  INFO 14228 --- [LoginApp] [main] o.s.o.j.p.SpringPersistenceUnitInfo      : No LoadTimeWeaver setup: ignoring JPA class transformer
2024-05-07T06:10:26.505Z  INFO 14228 --- [LoginApp] [main] com.zaxxer.hikari.HikariDataSource       : HikariPool-1 - Starting...
2024-05-07T06:10:27.389Z  INFO 14228 --- [LoginApp] [main] com.zaxxer.hikari.pool.HikariPool        : HikariPool-1 - Added connection com.mysql.cj.jdbc.ConnectionImpl@68e24e7
2024-05-07T06:10:27.392Z  INFO 14228 --- [LoginApp] [main] com.zaxxer.hikari.HikariDataSource       : HikariPool-1 - Start completed.
2024-05-07T06:10:27.542Z  WARN 14228 --- [LoginApp] [main] org.hibernate.orm.deprecation            : HHH90000025: MySQLDialect does not need to be specified explicitly using 'hibernate.dialect' (remove the property setting and it will be selected by default)
2024-05-07T06:10:30.752Z  INFO 14228 --- [LoginApp] [main] o.h.e.t.j.p.i.JtaPlatformInitiator       : HHH000489: No JTA platform available (set 'hibernate.transaction.jta.platform' to enable JTA platform integration)
2024-05-07T06:10:30.949Z  INFO 14228 --- [LoginApp] [main] j.LocalContainerEntityManagerFactoryBean : Initialized JPA EntityManagerFactory for persistence unit 'default'
2024-05-07T06:10:31.754Z  INFO 14228 --- [LoginApp] [main] o.s.d.j.r.query.QueryEnhancerFactory     : Hibernate is in classpath; If applicable, HQL parser will be used.
2024-05-07T06:10:32.120Z  WARN 14228 --- [LoginApp] [main] JpaBaseConfiguration$JpaWebConfiguration : spring.jpa.open-in-view is enabled by default. Therefore, database queries may be performed during view rendering. Explicitly configure spring.jpa.open-in-view to disable this warning
2024-05-07T06:10:33.297Z  INFO 14228 --- [LoginApp] [main] c.c.repository.LoginAppRepositoryTest    : Started LoginAppRepositoryTest in 12.144 seconds (process running for 15.0)
2024-05-07T06:10:34.806Z  INFO 14228 --- [LoginApp] [SpringApplicationShutdownHook] j.LocalContainerEntityManagerFactoryBean : Closing JPA EntityManagerFactory for persistence unit 'default'
2024-05-07T06:10:34.810Z  INFO 14228 --- [LoginApp] [SpringApplicationShutdownHook] com.zaxxer.hikari.HikariDataSource       : HikariPool-1 - Shutdown initiated...
2024-05-07T06:10:34.839Z  INFO 14228 --- [LoginApp] [SpringApplicationShutdownHook] com.zaxxer.hikari.HikariDataSource       : HikariPool-1 - Shutdown completed.
2024-05-07T06:11:55.837Z  INFO 14494 --- [LoginApp] [main] c.c.repository.LoginAppRepositoryTest    : Starting LoginAppRepositoryTest using Java 17.0.10 with PID 14494 (started by ubuntu in /home/ubuntu/CogPsSolution/Capstone Project/capstoneproject/LoginApp)
2024-05-07T06:11:55.843Z  INFO 14494 --- [LoginApp] [main] c.c.repository.LoginAppRepositoryTest    : No active profile set, falling back to 1 default profile: "default"
2024-05-07T06:11:57.792Z  INFO 14494 --- [LoginApp] [main] .s.d.r.c.RepositoryConfigurationDelegate : Bootstrapping Spring Data JPA repositories in DEFAULT mode.
2024-05-07T06:11:57.914Z  INFO 14494 --- [LoginApp] [main] .s.d.r.c.RepositoryConfigurationDelegate : Finished Spring Data repository scanning in 108 ms. Found 1 JPA repository interface.
2024-05-07T06:11:59.077Z  INFO 14494 --- [LoginApp] [main] o.hibernate.jpa.internal.util.LogHelper  : HHH000204: Processing PersistenceUnitInfo [name: default]
2024-05-07T06:11:59.210Z  INFO 14494 --- [LoginApp] [main] org.hibernate.Version                    : HHH000412: Hibernate ORM core version 6.4.4.Final
2024-05-07T06:11:59.271Z  INFO 14494 --- [LoginApp] [main] o.h.c.internal.RegionFactoryInitiator    : HHH000026: Second-level cache disabled
2024-05-07T06:11:59.753Z  INFO 14494 --- [LoginApp] [main] o.s.o.j.p.SpringPersistenceUnitInfo      : No LoadTimeWeaver setup: ignoring JPA class transformer
2024-05-07T06:11:59.799Z  INFO 14494 --- [LoginApp] [main] com.zaxxer.hikari.HikariDataSource       : HikariPool-1 - Starting...
2024-05-07T06:12:00.902Z  INFO 14494 --- [LoginApp] [main] com.zaxxer.hikari.pool.HikariPool        : HikariPool-1 - Added connection com.mysql.cj.jdbc.ConnectionImpl@68e24e7
2024-05-07T06:12:00.905Z  INFO 14494 --- [LoginApp] [main] com.zaxxer.hikari.HikariDataSource       : HikariPool-1 - Start completed.
2024-05-07T06:12:01.037Z  WARN 14494 --- [LoginApp] [main] org.hibernate.orm.deprecation            : HHH90000025: MySQLDialect does not need to be specified explicitly using 'hibernate.dialect' (remove the property setting and it will be selected by default)
2024-05-07T06:12:03.220Z  INFO 14494 --- [LoginApp] [main] o.h.e.t.j.p.i.JtaPlatformInitiator       : HHH000489: No JTA platform available (set 'hibernate.transaction.jta.platform' to enable JTA platform integration)
2024-05-07T06:12:03.379Z  INFO 14494 --- [LoginApp] [main] j.LocalContainerEntityManagerFactoryBean : Initialized JPA EntityManagerFactory for persistence unit 'default'
2024-05-07T06:12:04.203Z  INFO 14494 --- [LoginApp] [main] o.s.d.j.r.query.QueryEnhancerFactory     : Hibernate is in classpath; If applicable, HQL parser will be used.
2024-05-07T06:12:04.647Z  WARN 14494 --- [LoginApp] [main] JpaBaseConfiguration$JpaWebConfiguration : spring.jpa.open-in-view is enabled by default. Therefore, database queries may be performed during view rendering. Explicitly configure spring.jpa.open-in-view to disable this warning
2024-05-07T06:12:05.809Z  INFO 14494 --- [LoginApp] [main] c.c.repository.LoginAppRepositoryTest    : Started LoginAppRepositoryTest in 10.707 seconds (process running for 13.618)
2024-05-07T06:12:07.396Z  INFO 14494 --- [LoginApp] [SpringApplicationShutdownHook] j.LocalContainerEntityManagerFactoryBean : Closing JPA EntityManagerFactory for persistence unit 'default'
2024-05-07T06:12:07.400Z  INFO 14494 --- [LoginApp] [SpringApplicationShutdownHook] com.zaxxer.hikari.HikariDataSource       : HikariPool-1 - Shutdown initiated...
2024-05-07T06:12:07.423Z  INFO 14494 --- [LoginApp] [SpringApplicationShutdownHook] com.zaxxer.hikari.HikariDataSource       : HikariPool-1 - Shutdown completed.
2024-05-07T06:57:53.992Z  INFO 19439 --- [LoginApp] [main] c.c.repository.LoginAppRepositoryTest    : Starting LoginAppRepositoryTest using Java 17.0.10 with PID 19439 (started by ubuntu in /home/ubuntu/CogPsSolution/Capstone Project/capstoneproject/LoginApp)
2024-05-07T06:57:53.999Z  INFO 19439 --- [LoginApp] [main] c.c.repository.LoginAppRepositoryTest    : No active profile set, falling back to 1 default profile: "default"
2024-05-07T06:57:56.027Z  INFO 19439 --- [LoginApp] [main] .s.d.r.c.RepositoryConfigurationDelegate : Bootstrapping Spring Data JPA repositories in DEFAULT mode.
2024-05-07T06:57:56.180Z  INFO 19439 --- [LoginApp] [main] .s.d.r.c.RepositoryConfigurationDelegate : Finished Spring Data repository scanning in 137 ms. Found 1 JPA repository interface.
2024-05-07T06:57:57.505Z  INFO 19439 --- [LoginApp] [main] o.hibernate.jpa.internal.util.LogHelper  : HHH000204: Processing PersistenceUnitInfo [name: default]
2024-05-07T06:57:57.604Z  INFO 19439 --- [LoginApp] [main] org.hibernate.Version                    : HHH000412: Hibernate ORM core version 6.4.4.Final
2024-05-07T06:57:57.706Z  INFO 19439 --- [LoginApp] [main] o.h.c.internal.RegionFactoryInitiator    : HHH000026: Second-level cache disabled
2024-05-07T06:57:58.159Z  INFO 19439 --- [LoginApp] [main] o.s.o.j.p.SpringPersistenceUnitInfo      : No LoadTimeWeaver setup: ignoring JPA class transformer
2024-05-07T06:57:58.252Z  INFO 19439 --- [LoginApp] [main] com.zaxxer.hikari.HikariDataSource       : HikariPool-1 - Starting...
2024-05-07T06:57:59.132Z  INFO 19439 --- [LoginApp] [main] com.zaxxer.hikari.pool.HikariPool        : HikariPool-1 - Added connection com.mysql.cj.jdbc.ConnectionImpl@68e24e7
2024-05-07T06:57:59.136Z  INFO 19439 --- [LoginApp] [main] com.zaxxer.hikari.HikariDataSource       : HikariPool-1 - Start completed.
2024-05-07T06:57:59.256Z  WARN 19439 --- [LoginApp] [main] org.hibernate.orm.deprecation            : HHH90000025: MySQLDialect does not need to be specified explicitly using 'hibernate.dialect' (remove the property setting and it will be selected by default)
2024-05-07T06:58:01.686Z  INFO 19439 --- [LoginApp] [main] o.h.e.t.j.p.i.JtaPlatformInitiator       : HHH000489: No JTA platform available (set 'hibernate.transaction.jta.platform' to enable JTA platform integration)
2024-05-07T06:58:01.888Z  INFO 19439 --- [LoginApp] [main] j.LocalContainerEntityManagerFactoryBean : Initialized JPA EntityManagerFactory for persistence unit 'default'
2024-05-07T06:58:02.615Z  INFO 19439 --- [LoginApp] [main] o.s.d.j.r.query.QueryEnhancerFactory     : Hibernate is in classpath; If applicable, HQL parser will be used.
2024-05-07T06:58:03.035Z  WARN 19439 --- [LoginApp] [main] JpaBaseConfiguration$JpaWebConfiguration : spring.jpa.open-in-view is enabled by default. Therefore, database queries may be performed during view rendering. Explicitly configure spring.jpa.open-in-view to disable this warning
2024-05-07T06:58:04.475Z  INFO 19439 --- [LoginApp] [main] c.c.repository.LoginAppRepositoryTest    : Started LoginAppRepositoryTest in 11.422 seconds (process running for 14.25)
2024-05-07T06:58:05.860Z  INFO 19439 --- [LoginApp] [SpringApplicationShutdownHook] j.LocalContainerEntityManagerFactoryBean : Closing JPA EntityManagerFactory for persistence unit 'default'
2024-05-07T06:58:05.876Z  INFO 19439 --- [LoginApp] [SpringApplicationShutdownHook] com.zaxxer.hikari.HikariDataSource       : HikariPool-1 - Shutdown initiated...
2024-05-07T06:58:05.906Z  INFO 19439 --- [LoginApp] [SpringApplicationShutdownHook] com.zaxxer.hikari.HikariDataSource       : HikariPool-1 - Shutdown completed.
2024-05-07T06:59:45.770Z  INFO 19722 --- [LoginApp] [main] c.c.repository.LoginAppRepositoryTest    : Starting LoginAppRepositoryTest using Java 17.0.10 with PID 19722 (started by ubuntu in /home/ubuntu/CogPsSolution/Capstone Project/capstoneproject/LoginApp)
2024-05-07T06:59:45.775Z  INFO 19722 --- [LoginApp] [main] c.c.repository.LoginAppRepositoryTest    : No active profile set, falling back to 1 default profile: "default"
2024-05-07T06:59:48.084Z  INFO 19722 --- [LoginApp] [main] .s.d.r.c.RepositoryConfigurationDelegate : Bootstrapping Spring Data JPA repositories in DEFAULT mode.
2024-05-07T06:59:48.229Z  INFO 19722 --- [LoginApp] [main] .s.d.r.c.RepositoryConfigurationDelegate : Finished Spring Data repository scanning in 128 ms. Found 1 JPA repository interface.
2024-05-07T06:59:49.470Z  INFO 19722 --- [LoginApp] [main] o.hibernate.jpa.internal.util.LogHelper  : HHH000204: Processing PersistenceUnitInfo [name: default]
2024-05-07T06:59:49.570Z  INFO 19722 --- [LoginApp] [main] org.hibernate.Version                    : HHH000412: Hibernate ORM core version 6.4.4.Final
2024-05-07T06:59:49.658Z  INFO 19722 --- [LoginApp] [main] o.h.c.internal.RegionFactoryInitiator    : HHH000026: Second-level cache disabled
2024-05-07T06:59:50.078Z  INFO 19722 --- [LoginApp] [main] o.s.o.j.p.SpringPersistenceUnitInfo      : No LoadTimeWeaver setup: ignoring JPA class transformer
2024-05-07T06:59:50.127Z  INFO 19722 --- [LoginApp] [main] com.zaxxer.hikari.HikariDataSource       : HikariPool-1 - Starting...
2024-05-07T06:59:50.977Z  INFO 19722 --- [LoginApp] [main] com.zaxxer.hikari.pool.HikariPool        : HikariPool-1 - Added connection com.mysql.cj.jdbc.ConnectionImpl@45d389f2
2024-05-07T06:59:50.981Z  INFO 19722 --- [LoginApp] [main] com.zaxxer.hikari.HikariDataSource       : HikariPool-1 - Start completed.
2024-05-07T06:59:51.108Z  WARN 19722 --- [LoginApp] [main] org.hibernate.orm.deprecation            : HHH90000025: MySQLDialect does not need to be specified explicitly using 'hibernate.dialect' (remove the property setting and it will be selected by default)
2024-05-07T06:59:53.387Z  INFO 19722 --- [LoginApp] [main] o.h.e.t.j.p.i.JtaPlatformInitiator       : HHH000489: No JTA platform available (set 'hibernate.transaction.jta.platform' to enable JTA platform integration)
2024-05-07T06:59:53.523Z  INFO 19722 --- [LoginApp] [main] j.LocalContainerEntityManagerFactoryBean : Initialized JPA EntityManagerFactory for persistence unit 'default'
2024-05-07T06:59:54.165Z  INFO 19722 --- [LoginApp] [main] o.s.d.j.r.query.QueryEnhancerFactory     : Hibernate is in classpath; If applicable, HQL parser will be used.
2024-05-07T06:59:54.515Z  WARN 19722 --- [LoginApp] [main] JpaBaseConfiguration$JpaWebConfiguration : spring.jpa.open-in-view is enabled by default. Therefore, database queries may be performed during view rendering. Explicitly configure spring.jpa.open-in-view to disable this warning
2024-05-07T06:59:55.582Z  INFO 19722 --- [LoginApp] [main] c.c.repository.LoginAppRepositoryTest    : Started LoginAppRepositoryTest in 10.588 seconds (process running for 13.34)
2024-05-07T06:59:57.034Z  INFO 19722 --- [LoginApp] [SpringApplicationShutdownHook] j.LocalContainerEntityManagerFactoryBean : Closing JPA EntityManagerFactory for persistence unit 'default'
2024-05-07T06:59:57.039Z  INFO 19722 --- [LoginApp] [SpringApplicationShutdownHook] com.zaxxer.hikari.HikariDataSource       : HikariPool-1 - Shutdown initiated...
2024-05-07T06:59:57.095Z  INFO 19722 --- [LoginApp] [SpringApplicationShutdownHook] com.zaxxer.hikari.HikariDataSource       : HikariPool-1 - Shutdown completed.
2024-05-07T07:25:31.676Z  INFO 23042 --- [LoginApp] [main] c.c.repository.LoginAppRepositoryTest    : Starting LoginAppRepositoryTest using Java 17.0.10 with PID 23042 (started by ubuntu in /home/ubuntu/CogPsSolution/Capstone Project/capstoneproject/LoginApp)
2024-05-07T07:25:31.686Z  INFO 23042 --- [LoginApp] [main] c.c.repository.LoginAppRepositoryTest    : No active profile set, falling back to 1 default profile: "default"
2024-05-07T07:25:34.150Z  INFO 23042 --- [LoginApp] [main] .s.d.r.c.RepositoryConfigurationDelegate : Bootstrapping Spring Data JPA repositories in DEFAULT mode.
2024-05-07T07:25:34.467Z  INFO 23042 --- [LoginApp] [main] .s.d.r.c.RepositoryConfigurationDelegate : Finished Spring Data repository scanning in 275 ms. Found 1 JPA repository interface.
2024-05-07T07:25:35.979Z  INFO 23042 --- [LoginApp] [main] o.hibernate.jpa.internal.util.LogHelper  : HHH000204: Processing PersistenceUnitInfo [name: default]
2024-05-07T07:25:36.206Z  INFO 23042 --- [LoginApp] [main] org.hibernate.Version                    : HHH000412: Hibernate ORM core version 6.4.4.Final
2024-05-07T07:25:36.292Z  INFO 23042 --- [LoginApp] [main] o.h.c.internal.RegionFactoryInitiator    : HHH000026: Second-level cache disabled
2024-05-07T07:25:36.816Z  INFO 23042 --- [LoginApp] [main] o.s.o.j.p.SpringPersistenceUnitInfo      : No LoadTimeWeaver setup: ignoring JPA class transformer
2024-05-07T07:25:36.880Z  INFO 23042 --- [LoginApp] [main] com.zaxxer.hikari.HikariDataSource       : HikariPool-1 - Starting...
2024-05-07T07:25:37.691Z  INFO 23042 --- [LoginApp] [main] com.zaxxer.hikari.pool.HikariPool        : HikariPool-1 - Added connection com.mysql.cj.jdbc.ConnectionImpl@68e24e7
2024-05-07T07:25:37.695Z  INFO 23042 --- [LoginApp] [main] com.zaxxer.hikari.HikariDataSource       : HikariPool-1 - Start completed.
2024-05-07T07:25:37.793Z  WARN 23042 --- [LoginApp] [main] org.hibernate.orm.deprecation            : HHH90000025: MySQLDialect does not need to be specified explicitly using 'hibernate.dialect' (remove the property setting and it will be selected by default)
2024-05-07T07:25:40.231Z  INFO 23042 --- [LoginApp] [main] o.h.e.t.j.p.i.JtaPlatformInitiator       : HHH000489: No JTA platform available (set 'hibernate.transaction.jta.platform' to enable JTA platform integration)
2024-05-07T07:25:40.374Z  INFO 23042 --- [LoginApp] [main] j.LocalContainerEntityManagerFactoryBean : Initialized JPA EntityManagerFactory for persistence unit 'default'
2024-05-07T07:25:41.113Z  INFO 23042 --- [LoginApp] [main] o.s.d.j.r.query.QueryEnhancerFactory     : Hibernate is in classpath; If applicable, HQL parser will be used.
2024-05-07T07:25:41.586Z  WARN 23042 --- [LoginApp] [main] JpaBaseConfiguration$JpaWebConfiguration : spring.jpa.open-in-view is enabled by default. Therefore, database queries may be performed during view rendering. Explicitly configure spring.jpa.open-in-view to disable this warning
2024-05-07T07:25:42.955Z  INFO 23042 --- [LoginApp] [main] c.c.repository.LoginAppRepositoryTest    : Started LoginAppRepositoryTest in 12.307 seconds (process running for 16.158)
2024-05-07T07:25:44.755Z  INFO 23042 --- [LoginApp] [SpringApplicationShutdownHook] j.LocalContainerEntityManagerFactoryBean : Closing JPA EntityManagerFactory for persistence unit 'default'
2024-05-07T07:25:44.765Z  INFO 23042 --- [LoginApp] [SpringApplicationShutdownHook] com.zaxxer.hikari.HikariDataSource       : HikariPool-1 - Shutdown initiated...
2024-05-07T07:25:44.806Z  INFO 23042 --- [LoginApp] [SpringApplicationShutdownHook] com.zaxxer.hikari.HikariDataSource       : HikariPool-1 - Shutdown completed.
2024-05-07T07:26:12.553Z  INFO 23270 --- [LoginApp] [main] c.c.repository.LoginAppRepositoryTest    : Starting LoginAppRepositoryTest using Java 17.0.10 with PID 23270 (started by ubuntu in /home/ubuntu/CogPsSolution/Capstone Project/capstoneproject/LoginApp)
2024-05-07T07:26:12.558Z  INFO 23270 --- [LoginApp] [main] c.c.repository.LoginAppRepositoryTest    : No active profile set, falling back to 1 default profile: "default"
2024-05-07T07:26:14.680Z  INFO 23270 --- [LoginApp] [main] .s.d.r.c.RepositoryConfigurationDelegate : Bootstrapping Spring Data JPA repositories in DEFAULT mode.
2024-05-07T07:26:14.866Z  INFO 23270 --- [LoginApp] [main] .s.d.r.c.RepositoryConfigurationDelegate : Finished Spring Data repository scanning in 152 ms. Found 1 JPA repository interface.
2024-05-07T07:26:16.395Z  INFO 23270 --- [LoginApp] [main] o.hibernate.jpa.internal.util.LogHelper  : HHH000204: Processing PersistenceUnitInfo [name: default]
2024-05-07T07:26:16.514Z  INFO 23270 --- [LoginApp] [main] org.hibernate.Version                    : HHH000412: Hibernate ORM core version 6.4.4.Final
2024-05-07T07:26:16.590Z  INFO 23270 --- [LoginApp] [main] o.h.c.internal.RegionFactoryInitiator    : HHH000026: Second-level cache disabled
2024-05-07T07:26:17.177Z  INFO 23270 --- [LoginApp] [main] o.s.o.j.p.SpringPersistenceUnitInfo      : No LoadTimeWeaver setup: ignoring JPA class transformer
2024-05-07T07:26:17.256Z  INFO 23270 --- [LoginApp] [main] com.zaxxer.hikari.HikariDataSource       : HikariPool-1 - Starting...
2024-05-07T07:26:18.222Z  INFO 23270 --- [LoginApp] [main] com.zaxxer.hikari.pool.HikariPool        : HikariPool-1 - Added connection com.mysql.cj.jdbc.ConnectionImpl@40f1aa95
2024-05-07T07:26:18.225Z  INFO 23270 --- [LoginApp] [main] com.zaxxer.hikari.HikariDataSource       : HikariPool-1 - Start completed.
2024-05-07T07:26:18.372Z  WARN 23270 --- [LoginApp] [main] org.hibernate.orm.deprecation            : HHH90000025: MySQLDialect does not need to be specified explicitly using 'hibernate.dialect' (remove the property setting and it will be selected by default)
2024-05-07T07:26:21.032Z  INFO 23270 --- [LoginApp] [main] o.h.e.t.j.p.i.JtaPlatformInitiator       : HHH000489: No JTA platform available (set 'hibernate.transaction.jta.platform' to enable JTA platform integration)
2024-05-07T07:26:21.188Z  INFO 23270 --- [LoginApp] [main] j.LocalContainerEntityManagerFactoryBean : Initialized JPA EntityManagerFactory for persistence unit 'default'
2024-05-07T07:26:21.918Z  INFO 23270 --- [LoginApp] [main] o.s.d.j.r.query.QueryEnhancerFactory     : Hibernate is in classpath; If applicable, HQL parser will be used.
2024-05-07T07:26:22.377Z  WARN 23270 --- [LoginApp] [main] JpaBaseConfiguration$JpaWebConfiguration : spring.jpa.open-in-view is enabled by default. Therefore, database queries may be performed during view rendering. Explicitly configure spring.jpa.open-in-view to disable this warning
2024-05-07T07:26:23.832Z  INFO 23270 --- [LoginApp] [main] c.c.repository.LoginAppRepositoryTest    : Started LoginAppRepositoryTest in 12.01 seconds (process running for 15.29)
2024-05-07T07:26:25.464Z  INFO 23270 --- [LoginApp] [SpringApplicationShutdownHook] j.LocalContainerEntityManagerFactoryBean : Closing JPA EntityManagerFactory for persistence unit 'default'
2024-05-07T07:26:25.478Z  INFO 23270 --- [LoginApp] [SpringApplicationShutdownHook] com.zaxxer.hikari.HikariDataSource       : HikariPool-1 - Shutdown initiated...
2024-05-07T07:26:25.518Z  INFO 23270 --- [LoginApp] [SpringApplicationShutdownHook] com.zaxxer.hikari.HikariDataSource       : HikariPool-1 - Shutdown completed.
2024-05-07T07:27:34.265Z  INFO 23652 --- [LoginApp] [restartedMain] com.cognizant.LoginAppApplication        : Starting LoginAppApplication using Java 17.0.10 with PID 23652 (/home/ubuntu/CogPsSolution/Capstone Project/capstoneproject/LoginApp/target/classes started by ubuntu in /home/ubuntu/CogPsSolution/Capstone Project/capstoneproject/LoginApp)
2024-05-07T07:27:34.273Z  INFO 23652 --- [LoginApp] [restartedMain] com.cognizant.LoginAppApplication        : No active profile set, falling back to 1 default profile: "default"
2024-05-07T07:27:34.425Z  INFO 23652 --- [LoginApp] [restartedMain] .e.DevToolsPropertyDefaultsPostProcessor : Devtools property defaults active! Set 'spring.devtools.add-properties' to 'false' to disable
2024-05-07T07:27:34.426Z  INFO 23652 --- [LoginApp] [restartedMain] .e.DevToolsPropertyDefaultsPostProcessor : For additional web related logging consider setting the 'logging.level.web' property to 'DEBUG'
2024-05-07T07:27:36.523Z  INFO 23652 --- [LoginApp] [restartedMain] .s.d.r.c.RepositoryConfigurationDelegate : Bootstrapping Spring Data JPA repositories in DEFAULT mode.
2024-05-07T07:27:36.690Z  INFO 23652 --- [LoginApp] [restartedMain] .s.d.r.c.RepositoryConfigurationDelegate : Finished Spring Data repository scanning in 149 ms. Found 1 JPA repository interface.
2024-05-07T07:27:38.746Z  INFO 23652 --- [LoginApp] [restartedMain] o.s.b.w.embedded.tomcat.TomcatWebServer  : Tomcat initialized with port 8081 (http)
2024-05-07T07:27:38.774Z  INFO 23652 --- [LoginApp] [restartedMain] o.apache.catalina.core.StandardService   : Starting service [Tomcat]
2024-05-07T07:27:38.776Z  INFO 23652 --- [LoginApp] [restartedMain] o.apache.catalina.core.StandardEngine    : Starting Servlet engine: [Apache Tomcat/10.1.20]
2024-05-07T07:27:38.900Z  INFO 23652 --- [LoginApp] [restartedMain] o.a.c.c.C.[Tomcat].[localhost].[/]       : Initializing Spring embedded WebApplicationContext
2024-05-07T07:27:38.901Z  INFO 23652 --- [LoginApp] [restartedMain] w.s.c.ServletWebServerApplicationContext : Root WebApplicationContext: initialization completed in 4471 ms
2024-05-07T07:27:39.330Z  INFO 23652 --- [LoginApp] [restartedMain] o.hibernate.jpa.internal.util.LogHelper  : HHH000204: Processing PersistenceUnitInfo [name: default]
2024-05-07T07:27:39.431Z  INFO 23652 --- [LoginApp] [restartedMain] org.hibernate.Version                    : HHH000412: Hibernate ORM core version 6.4.4.Final
2024-05-07T07:27:39.503Z  INFO 23652 --- [LoginApp] [restartedMain] o.h.c.internal.RegionFactoryInitiator    : HHH000026: Second-level cache disabled
2024-05-07T07:27:39.982Z  INFO 23652 --- [LoginApp] [restartedMain] o.s.o.j.p.SpringPersistenceUnitInfo      : No LoadTimeWeaver setup: ignoring JPA class transformer
2024-05-07T07:27:40.044Z  INFO 23652 --- [LoginApp] [restartedMain] com.zaxxer.hikari.HikariDataSource       : HikariPool-1 - Starting...
2024-05-07T07:27:40.844Z  INFO 23652 --- [LoginApp] [restartedMain] com.zaxxer.hikari.pool.HikariPool        : HikariPool-1 - Added connection com.mysql.cj.jdbc.ConnectionImpl@60f0cff1
2024-05-07T07:27:40.848Z  INFO 23652 --- [LoginApp] [restartedMain] com.zaxxer.hikari.HikariDataSource       : HikariPool-1 - Start completed.
2024-05-07T07:27:41.025Z  WARN 23652 --- [LoginApp] [restartedMain] org.hibernate.orm.deprecation            : HHH90000025: MySQLDialect does not need to be specified explicitly using 'hibernate.dialect' (remove the property setting and it will be selected by default)
2024-05-07T07:27:43.391Z  INFO 23652 --- [LoginApp] [restartedMain] o.h.e.t.j.p.i.JtaPlatformInitiator       : HHH000489: No JTA platform available (set 'hibernate.transaction.jta.platform' to enable JTA platform integration)
2024-05-07T07:27:43.599Z  INFO 23652 --- [LoginApp] [restartedMain] j.LocalContainerEntityManagerFactoryBean : Initialized JPA EntityManagerFactory for persistence unit 'default'
2024-05-07T07:27:44.152Z  INFO 23652 --- [LoginApp] [restartedMain] o.s.d.j.r.query.QueryEnhancerFactory     : Hibernate is in classpath; If applicable, HQL parser will be used.
2024-05-07T07:27:44.299Z  WARN 23652 --- [LoginApp] [restartedMain] JpaBaseConfiguration$JpaWebConfiguration : spring.jpa.open-in-view is enabled by default. Therefore, database queries may be performed during view rendering. Explicitly configure spring.jpa.open-in-view to disable this warning
2024-05-07T07:27:45.260Z  INFO 23652 --- [LoginApp] [restartedMain] o.s.b.d.a.OptionalLiveReloadServer       : LiveReload server is running on port 35729
2024-05-07T07:27:45.363Z  INFO 23652 --- [LoginApp] [restartedMain] o.s.b.w.embedded.tomcat.TomcatWebServer  : Tomcat started on port 8081 (http) with context path ''
2024-05-07T07:27:45.408Z  INFO 23652 --- [LoginApp] [restartedMain] com.cognizant.LoginAppApplication        : Started LoginAppApplication in 12.505 seconds (process running for 14.803)
2024-05-07T07:28:26.865Z  INFO 23652 --- [LoginApp] [http-nio-8081-exec-1] o.a.c.c.C.[Tomcat].[localhost].[/]       : Initializing Spring DispatcherServlet 'dispatcherServlet'
2024-05-07T07:28:26.866Z  INFO 23652 --- [LoginApp] [http-nio-8081-exec-1] o.s.web.servlet.DispatcherServlet        : Initializing Servlet 'dispatcherServlet'
2024-05-07T07:28:26.869Z  INFO 23652 --- [LoginApp] [http-nio-8081-exec-1] o.s.web.servlet.DispatcherServlet        : Completed initialization in 2 ms
2024-05-07T08:47:09.323Z  INFO 7122 --- [LoginApp] [restartedMain] com.cognizant.LoginAppApplication        : Starting LoginAppApplication using Java 17.0.10 with PID 7122 (/home/ubuntu/CogPsSolution/Capstone Project/capstoneproject/LoginApp/target/classes started by ubuntu in /home/ubuntu/CogPsSolution/Capstone Project/capstoneproject/LoginApp)
2024-05-07T08:47:09.378Z  INFO 7122 --- [LoginApp] [restartedMain] com.cognizant.LoginAppApplication        : No active profile set, falling back to 1 default profile: "default"
2024-05-07T08:47:10.497Z  INFO 7122 --- [LoginApp] [restartedMain] .e.DevToolsPropertyDefaultsPostProcessor : Devtools property defaults active! Set 'spring.devtools.add-properties' to 'false' to disable
2024-05-07T08:47:10.521Z  INFO 7122 --- [LoginApp] [restartedMain] .e.DevToolsPropertyDefaultsPostProcessor : For additional web related logging consider setting the 'logging.level.web' property to 'DEBUG'
2024-05-07T08:47:21.526Z  INFO 7122 --- [LoginApp] [restartedMain] .s.d.r.c.RepositoryConfigurationDelegate : Bootstrapping Spring Data JPA repositories in DEFAULT mode.
2024-05-07T08:47:22.160Z  INFO 7122 --- [LoginApp] [restartedMain] .s.d.r.c.RepositoryConfigurationDelegate : Finished Spring Data repository scanning in 600 ms. Found 1 JPA repository interface.
2024-05-07T08:47:29.649Z  INFO 7122 --- [LoginApp] [restartedMain] o.s.b.w.embedded.tomcat.TomcatWebServer  : Tomcat initialized with port 8081 (http)
2024-05-07T08:47:29.791Z  INFO 7122 --- [LoginApp] [restartedMain] o.apache.catalina.core.StandardService   : Starting service [Tomcat]
2024-05-07T08:47:29.799Z  INFO 7122 --- [LoginApp] [restartedMain] o.apache.catalina.core.StandardEngine    : Starting Servlet engine: [Apache Tomcat/10.1.20]
2024-05-07T08:47:30.312Z  INFO 7122 --- [LoginApp] [restartedMain] o.a.c.c.C.[Tomcat].[localhost].[/]       : Initializing Spring embedded WebApplicationContext
2024-05-07T08:47:30.326Z  INFO 7122 --- [LoginApp] [restartedMain] w.s.c.ServletWebServerApplicationContext : Root WebApplicationContext: initialization completed in 19764 ms
2024-05-07T08:47:31.983Z  INFO 7122 --- [LoginApp] [restartedMain] o.hibernate.jpa.internal.util.LogHelper  : HHH000204: Processing PersistenceUnitInfo [name: default]
2024-05-07T08:47:32.501Z  INFO 7122 --- [LoginApp] [restartedMain] org.hibernate.Version                    : HHH000412: Hibernate ORM core version 6.4.4.Final
2024-05-07T08:47:32.703Z  INFO 7122 --- [LoginApp] [restartedMain] o.h.c.internal.RegionFactoryInitiator    : HHH000026: Second-level cache disabled
2024-05-07T08:47:35.307Z  INFO 7122 --- [LoginApp] [restartedMain] o.s.o.j.p.SpringPersistenceUnitInfo      : No LoadTimeWeaver setup: ignoring JPA class transformer
2024-05-07T08:47:35.772Z  INFO 7122 --- [LoginApp] [restartedMain] com.zaxxer.hikari.HikariDataSource       : HikariPool-1 - Starting...
2024-05-07T08:47:39.036Z  INFO 7122 --- [LoginApp] [restartedMain] com.zaxxer.hikari.pool.HikariPool        : HikariPool-1 - Added connection com.mysql.cj.jdbc.ConnectionImpl@4370aa62
2024-05-07T08:47:39.042Z  INFO 7122 --- [LoginApp] [restartedMain] com.zaxxer.hikari.HikariDataSource       : HikariPool-1 - Start completed.
2024-05-07T08:47:39.694Z  WARN 7122 --- [LoginApp] [restartedMain] org.hibernate.orm.deprecation            : HHH90000025: MySQLDialect does not need to be specified explicitly using 'hibernate.dialect' (remove the property setting and it will be selected by default)
2024-05-07T08:47:47.699Z  INFO 7122 --- [LoginApp] [restartedMain] o.h.e.t.j.p.i.JtaPlatformInitiator       : HHH000489: No JTA platform available (set 'hibernate.transaction.jta.platform' to enable JTA platform integration)
2024-05-07T08:47:47.966Z  INFO 7122 --- [LoginApp] [restartedMain] j.LocalContainerEntityManagerFactoryBean : Initialized JPA EntityManagerFactory for persistence unit 'default'
2024-05-07T08:47:49.233Z  INFO 7122 --- [LoginApp] [restartedMain] o.s.d.j.r.query.QueryEnhancerFactory     : Hibernate is in classpath; If applicable, HQL parser will be used.
2024-05-07T08:47:49.652Z  WARN 7122 --- [LoginApp] [restartedMain] JpaBaseConfiguration$JpaWebConfiguration : spring.jpa.open-in-view is enabled by default. Therefore, database queries may be performed during view rendering. Explicitly configure spring.jpa.open-in-view to disable this warning
2024-05-07T08:47:51.634Z  WARN 7122 --- [LoginApp] [restartedMain] o.s.b.d.a.OptionalLiveReloadServer       : Unable to start LiveReload server
2024-05-07T08:47:51.875Z  INFO 7122 --- [LoginApp] [restartedMain] o.s.b.w.embedded.tomcat.TomcatWebServer  : Tomcat started on port 8081 (http) with context path ''
2024-05-07T08:47:51.943Z  INFO 7122 --- [LoginApp] [restartedMain] com.cognizant.LoginAppApplication        : Started LoginAppApplication in 49.293 seconds (process running for 56.883)
2024-05-07T08:48:52.114Z  INFO 7122 --- [LoginApp] [http-nio-8081-exec-1] o.a.c.c.C.[Tomcat].[localhost].[/]       : Initializing Spring DispatcherServlet 'dispatcherServlet'
2024-05-07T08:48:52.119Z  INFO 7122 --- [LoginApp] [http-nio-8081-exec-1] o.s.web.servlet.DispatcherServlet        : Initializing Servlet 'dispatcherServlet'
2024-05-07T08:48:52.124Z  INFO 7122 --- [LoginApp] [http-nio-8081-exec-1] o.s.web.servlet.DispatcherServlet        : Completed initialization in 3 ms
2024-05-07T08:50:00.999Z  INFO 7122 --- [LoginApp] [SpringApplicationShutdownHook] j.LocalContainerEntityManagerFactoryBean : Closing JPA EntityManagerFactory for persistence unit 'default'
2024-05-07T08:50:01.019Z  INFO 7122 --- [LoginApp] [SpringApplicationShutdownHook] com.zaxxer.hikari.HikariDataSource       : HikariPool-1 - Shutdown initiated...
2024-05-07T08:50:01.090Z  INFO 7122 --- [LoginApp] [SpringApplicationShutdownHook] com.zaxxer.hikari.HikariDataSource       : HikariPool-1 - Shutdown completed.
2024-05-07T12:37:39.459Z  INFO 6523 --- [LoginApp] [restartedMain] com.cognizant.LoginAppApplication        : Starting LoginAppApplication using Java 17.0.10 with PID 6523 (/home/ubuntu/CogPsSolution/Capstone Project/capstoneproject/LoginApp/target/classes started by ubuntu in /home/ubuntu/CogPsSolution/Capstone Project/capstoneproject/LoginApp)
2024-05-07T12:37:39.467Z  INFO 6523 --- [LoginApp] [restartedMain] com.cognizant.LoginAppApplication        : No active profile set, falling back to 1 default profile: "default"
2024-05-07T12:37:39.864Z  INFO 6523 --- [LoginApp] [restartedMain] .e.DevToolsPropertyDefaultsPostProcessor : Devtools property defaults active! Set 'spring.devtools.add-properties' to 'false' to disable
2024-05-07T12:37:39.881Z  INFO 6523 --- [LoginApp] [restartedMain] .e.DevToolsPropertyDefaultsPostProcessor : For additional web related logging consider setting the 'logging.level.web' property to 'DEBUG'
2024-05-07T12:37:43.627Z  INFO 6523 --- [LoginApp] [restartedMain] .s.d.r.c.RepositoryConfigurationDelegate : Bootstrapping Spring Data JPA repositories in DEFAULT mode.
2024-05-07T12:37:44.009Z  INFO 6523 --- [LoginApp] [restartedMain] .s.d.r.c.RepositoryConfigurationDelegate : Finished Spring Data repository scanning in 329 ms. Found 1 JPA repository interface.
2024-05-07T12:37:48.231Z  INFO 6523 --- [LoginApp] [restartedMain] o.s.b.w.embedded.tomcat.TomcatWebServer  : Tomcat initialized with port 8081 (http)
2024-05-07T12:37:48.287Z  INFO 6523 --- [LoginApp] [restartedMain] o.apache.catalina.core.StandardService   : Starting service [Tomcat]
2024-05-07T12:37:48.296Z  INFO 6523 --- [LoginApp] [restartedMain] o.apache.catalina.core.StandardEngine    : Starting Servlet engine: [Apache Tomcat/10.1.20]
2024-05-07T12:37:48.649Z  INFO 6523 --- [LoginApp] [restartedMain] o.a.c.c.C.[Tomcat].[localhost].[/]       : Initializing Spring embedded WebApplicationContext
2024-05-07T12:37:48.659Z  INFO 6523 --- [LoginApp] [restartedMain] w.s.c.ServletWebServerApplicationContext : Root WebApplicationContext: initialization completed in 8775 ms
2024-05-07T12:37:50.003Z  INFO 6523 --- [LoginApp] [restartedMain] o.hibernate.jpa.internal.util.LogHelper  : HHH000204: Processing PersistenceUnitInfo [name: default]
2024-05-07T12:37:51.026Z  INFO 6523 --- [LoginApp] [restartedMain] org.hibernate.Version                    : HHH000412: Hibernate ORM core version 6.4.4.Final
2024-05-07T12:37:51.404Z  INFO 6523 --- [LoginApp] [restartedMain] o.h.c.internal.RegionFactoryInitiator    : HHH000026: Second-level cache disabled
2024-05-07T12:37:54.088Z  INFO 6523 --- [LoginApp] [restartedMain] o.s.o.j.p.SpringPersistenceUnitInfo      : No LoadTimeWeaver setup: ignoring JPA class transformer
2024-05-07T12:37:54.506Z  INFO 6523 --- [LoginApp] [restartedMain] com.zaxxer.hikari.HikariDataSource       : HikariPool-1 - Starting...
2024-05-07T12:37:59.104Z  INFO 6523 --- [LoginApp] [restartedMain] com.zaxxer.hikari.pool.HikariPool        : HikariPool-1 - Added connection com.mysql.cj.jdbc.ConnectionImpl@54ca15a3
2024-05-07T12:37:59.114Z  INFO 6523 --- [LoginApp] [restartedMain] com.zaxxer.hikari.HikariDataSource       : HikariPool-1 - Start completed.
2024-05-07T12:37:59.931Z  WARN 6523 --- [LoginApp] [restartedMain] org.hibernate.orm.deprecation            : HHH90000025: MySQLDialect does not need to be specified explicitly using 'hibernate.dialect' (remove the property setting and it will be selected by default)
2024-05-07T12:38:08.841Z  INFO 6523 --- [LoginApp] [restartedMain] o.h.e.t.j.p.i.JtaPlatformInitiator       : HHH000489: No JTA platform available (set 'hibernate.transaction.jta.platform' to enable JTA platform integration)
2024-05-07T12:38:09.469Z  INFO 6523 --- [LoginApp] [restartedMain] j.LocalContainerEntityManagerFactoryBean : Initialized JPA EntityManagerFactory for persistence unit 'default'
2024-05-07T12:38:12.183Z  INFO 6523 --- [LoginApp] [restartedMain] o.s.d.j.r.query.QueryEnhancerFactory     : Hibernate is in classpath; If applicable, HQL parser will be used.
2024-05-07T12:38:12.791Z  WARN 6523 --- [LoginApp] [restartedMain] JpaBaseConfiguration$JpaWebConfiguration : spring.jpa.open-in-view is enabled by default. Therefore, database queries may be performed during view rendering. Explicitly configure spring.jpa.open-in-view to disable this warning
2024-05-07T12:38:17.026Z  INFO 6523 --- [LoginApp] [restartedMain] o.s.b.d.a.OptionalLiveReloadServer       : LiveReload server is running on port 35729
2024-05-07T12:38:17.450Z  INFO 6523 --- [LoginApp] [restartedMain] o.s.b.w.embedded.tomcat.TomcatWebServer  : Tomcat started on port 8081 (http) with context path ''
2024-05-07T12:38:17.630Z  INFO 6523 --- [LoginApp] [restartedMain] com.cognizant.LoginAppApplication        : Started LoginAppApplication in 40.255 seconds (process running for 43.482)
2024-05-07T13:01:20.403Z  INFO 6523 --- [LoginApp] [http-nio-8081-exec-1] o.a.c.c.C.[Tomcat].[localhost].[/]       : Initializing Spring DispatcherServlet 'dispatcherServlet'
2024-05-07T13:01:20.445Z  INFO 6523 --- [LoginApp] [http-nio-8081-exec-1] o.s.web.servlet.DispatcherServlet        : Initializing Servlet 'dispatcherServlet'
2024-05-07T13:01:20.448Z  INFO 6523 --- [LoginApp] [http-nio-8081-exec-1] o.s.web.servlet.DispatcherServlet        : Completed initialization in 2 ms
2024-05-07T13:31:09.882Z  INFO 6523 --- [LoginApp] [SpringApplicationShutdownHook] j.LocalContainerEntityManagerFactoryBean : Closing JPA EntityManagerFactory for persistence unit 'default'
2024-05-07T13:31:09.943Z  INFO 6523 --- [LoginApp] [SpringApplicationShutdownHook] com.zaxxer.hikari.HikariDataSource       : HikariPool-1 - Shutdown initiated...
2024-05-07T13:31:10.005Z  INFO 6523 --- [LoginApp] [SpringApplicationShutdownHook] com.zaxxer.hikari.HikariDataSource       : HikariPool-1 - Shutdown completed.
2024-05-07T13:31:34.477Z  INFO 14239 --- [LoginApp] [restartedMain] com.cognizant.LoginAppApplication        : Starting LoginAppApplication using Java 17.0.10 with PID 14239 (/home/ubuntu/CogPsSolution/Capstone Project/capstoneproject/LoginApp/target/classes started by ubuntu in /home/ubuntu/CogPsSolution/Capstone Project/capstoneproject/LoginApp)
2024-05-07T13:31:34.496Z  INFO 14239 --- [LoginApp] [restartedMain] com.cognizant.LoginAppApplication        : No active profile set, falling back to 1 default profile: "default"
2024-05-07T13:31:34.779Z  INFO 14239 --- [LoginApp] [restartedMain] .e.DevToolsPropertyDefaultsPostProcessor : Devtools property defaults active! Set 'spring.devtools.add-properties' to 'false' to disable
2024-05-07T13:31:34.780Z  INFO 14239 --- [LoginApp] [restartedMain] .e.DevToolsPropertyDefaultsPostProcessor : For additional web related logging consider setting the 'logging.level.web' property to 'DEBUG'
2024-05-07T13:31:38.802Z  INFO 14239 --- [LoginApp] [restartedMain] .s.d.r.c.RepositoryConfigurationDelegate : Bootstrapping Spring Data JPA repositories in DEFAULT mode.
2024-05-07T13:31:39.028Z  INFO 14239 --- [LoginApp] [restartedMain] .s.d.r.c.RepositoryConfigurationDelegate : Finished Spring Data repository scanning in 203 ms. Found 1 JPA repository interface.
2024-05-07T13:31:41.973Z  INFO 14239 --- [LoginApp] [restartedMain] o.s.b.w.embedded.tomcat.TomcatWebServer  : Tomcat initialized with port 8081 (http)
2024-05-07T13:31:42.020Z  INFO 14239 --- [LoginApp] [restartedMain] o.apache.catalina.core.StandardService   : Starting service [Tomcat]
2024-05-07T13:31:42.022Z  INFO 14239 --- [LoginApp] [restartedMain] o.apache.catalina.core.StandardEngine    : Starting Servlet engine: [Apache Tomcat/10.1.20]
2024-05-07T13:31:42.322Z  INFO 14239 --- [LoginApp] [restartedMain] o.a.c.c.C.[Tomcat].[localhost].[/]       : Initializing Spring embedded WebApplicationContext
2024-05-07T13:31:42.324Z  INFO 14239 --- [LoginApp] [restartedMain] w.s.c.ServletWebServerApplicationContext : Root WebApplicationContext: initialization completed in 7528 ms
2024-05-07T13:31:43.173Z  INFO 14239 --- [LoginApp] [restartedMain] o.hibernate.jpa.internal.util.LogHelper  : HHH000204: Processing PersistenceUnitInfo [name: default]
2024-05-07T13:31:43.596Z  INFO 14239 --- [LoginApp] [restartedMain] org.hibernate.Version                    : HHH000412: Hibernate ORM core version 6.4.4.Final
2024-05-07T13:31:43.906Z  INFO 14239 --- [LoginApp] [restartedMain] o.h.c.internal.RegionFactoryInitiator    : HHH000026: Second-level cache disabled
2024-05-07T13:31:46.374Z  INFO 14239 --- [LoginApp] [restartedMain] o.s.o.j.p.SpringPersistenceUnitInfo      : No LoadTimeWeaver setup: ignoring JPA class transformer
2024-05-07T13:31:46.468Z  INFO 14239 --- [LoginApp] [restartedMain] com.zaxxer.hikari.HikariDataSource       : HikariPool-1 - Starting...
2024-05-07T13:31:49.070Z  INFO 14239 --- [LoginApp] [restartedMain] com.zaxxer.hikari.pool.HikariPool        : HikariPool-1 - Added connection com.mysql.cj.jdbc.ConnectionImpl@77ae3088
2024-05-07T13:31:49.074Z  INFO 14239 --- [LoginApp] [restartedMain] com.zaxxer.hikari.HikariDataSource       : HikariPool-1 - Start completed.
2024-05-07T13:31:49.222Z  WARN 14239 --- [LoginApp] [restartedMain] org.hibernate.orm.deprecation            : HHH90000025: MySQLDialect does not need to be specified explicitly using 'hibernate.dialect' (remove the property setting and it will be selected by default)
2024-05-07T13:31:51.922Z  INFO 14239 --- [LoginApp] [restartedMain] o.h.e.t.j.p.i.JtaPlatformInitiator       : HHH000489: No JTA platform available (set 'hibernate.transaction.jta.platform' to enable JTA platform integration)
2024-05-07T13:31:52.056Z  INFO 14239 --- [LoginApp] [restartedMain] j.LocalContainerEntityManagerFactoryBean : Initialized JPA EntityManagerFactory for persistence unit 'default'
2024-05-07T13:31:52.912Z  INFO 14239 --- [LoginApp] [restartedMain] o.s.d.j.r.query.QueryEnhancerFactory     : Hibernate is in classpath; If applicable, HQL parser will be used.
2024-05-07T13:31:53.122Z  WARN 14239 --- [LoginApp] [restartedMain] JpaBaseConfiguration$JpaWebConfiguration : spring.jpa.open-in-view is enabled by default. Therefore, database queries may be performed during view rendering. Explicitly configure spring.jpa.open-in-view to disable this warning
2024-05-07T13:31:54.136Z  INFO 14239 --- [LoginApp] [restartedMain] o.s.b.d.a.OptionalLiveReloadServer       : LiveReload server is running on port 35729
2024-05-07T13:31:54.249Z  INFO 14239 --- [LoginApp] [restartedMain] o.s.b.w.embedded.tomcat.TomcatWebServer  : Tomcat started on port 8081 (http) with context path ''
2024-05-07T13:31:54.296Z  INFO 14239 --- [LoginApp] [restartedMain] com.cognizant.LoginAppApplication        : Started LoginAppApplication in 22.021 seconds (process running for 30.567)
2024-05-07T13:43:00.769Z  INFO 14239 --- [LoginApp] [http-nio-8081-exec-2] o.a.c.c.C.[Tomcat].[localhost].[/]       : Initializing Spring DispatcherServlet 'dispatcherServlet'
2024-05-07T13:43:00.770Z  INFO 14239 --- [LoginApp] [http-nio-8081-exec-2] o.s.web.servlet.DispatcherServlet        : Initializing Servlet 'dispatcherServlet'
2024-05-07T13:43:00.786Z  INFO 14239 --- [LoginApp] [http-nio-8081-exec-2] o.s.web.servlet.DispatcherServlet        : Completed initialization in 15 ms
2024-05-07T16:09:08.572Z  INFO 36221 --- [LoginApp] [main] c.c.repository.LoginAppRepositoryTest    : Starting LoginAppRepositoryTest using Java 17.0.10 with PID 36221 (started by ubuntu in /home/ubuntu/CogPsSolution/Capstone Project/capstoneproject/LoginApp)
2024-05-07T16:09:08.580Z  INFO 36221 --- [LoginApp] [main] c.c.repository.LoginAppRepositoryTest    : No active profile set, falling back to 1 default profile: "default"
2024-05-07T16:09:10.862Z  INFO 36221 --- [LoginApp] [main] .s.d.r.c.RepositoryConfigurationDelegate : Bootstrapping Spring Data JPA repositories in DEFAULT mode.
2024-05-07T16:09:10.976Z  INFO 36221 --- [LoginApp] [main] .s.d.r.c.RepositoryConfigurationDelegate : Finished Spring Data repository scanning in 98 ms. Found 1 JPA repository interface.
2024-05-07T16:09:12.199Z  INFO 36221 --- [LoginApp] [main] o.hibernate.jpa.internal.util.LogHelper  : HHH000204: Processing PersistenceUnitInfo [name: default]
2024-05-07T16:09:12.305Z  INFO 36221 --- [LoginApp] [main] org.hibernate.Version                    : HHH000412: Hibernate ORM core version 6.4.4.Final
2024-05-07T16:09:12.378Z  INFO 36221 --- [LoginApp] [main] o.h.c.internal.RegionFactoryInitiator    : HHH000026: Second-level cache disabled
2024-05-07T16:09:12.906Z  INFO 36221 --- [LoginApp] [main] o.s.o.j.p.SpringPersistenceUnitInfo      : No LoadTimeWeaver setup: ignoring JPA class transformer
2024-05-07T16:09:12.989Z  INFO 36221 --- [LoginApp] [main] com.zaxxer.hikari.HikariDataSource       : HikariPool-1 - Starting...
2024-05-07T16:09:13.839Z  INFO 36221 --- [LoginApp] [main] com.zaxxer.hikari.pool.HikariPool        : HikariPool-1 - Added connection com.mysql.cj.jdbc.ConnectionImpl@c262f2f
2024-05-07T16:09:13.845Z  INFO 36221 --- [LoginApp] [main] com.zaxxer.hikari.HikariDataSource       : HikariPool-1 - Start completed.
2024-05-07T16:09:13.996Z  WARN 36221 --- [LoginApp] [main] org.hibernate.orm.deprecation            : HHH90000025: MySQLDialect does not need to be specified explicitly using 'hibernate.dialect' (remove the property setting and it will be selected by default)
2024-05-07T16:09:16.508Z  INFO 36221 --- [LoginApp] [main] o.h.e.t.j.p.i.JtaPlatformInitiator       : HHH000489: No JTA platform available (set 'hibernate.transaction.jta.platform' to enable JTA platform integration)
2024-05-07T16:09:16.674Z  INFO 36221 --- [LoginApp] [main] j.LocalContainerEntityManagerFactoryBean : Initialized JPA EntityManagerFactory for persistence unit 'default'
2024-05-07T16:09:17.317Z  INFO 36221 --- [LoginApp] [main] o.s.d.j.r.query.QueryEnhancerFactory     : Hibernate is in classpath; If applicable, HQL parser will be used.
2024-05-07T16:09:17.723Z  WARN 36221 --- [LoginApp] [main] JpaBaseConfiguration$JpaWebConfiguration : spring.jpa.open-in-view is enabled by default. Therefore, database queries may be performed during view rendering. Explicitly configure spring.jpa.open-in-view to disable this warning
2024-05-07T16:09:18.968Z  INFO 36221 --- [LoginApp] [main] c.c.repository.LoginAppRepositoryTest    : Started LoginAppRepositoryTest in 11.126 seconds (process running for 14.088)
2024-05-07T16:09:20.394Z  INFO 36221 --- [LoginApp] [SpringApplicationShutdownHook] j.LocalContainerEntityManagerFactoryBean : Closing JPA EntityManagerFactory for persistence unit 'default'
2024-05-07T16:09:20.401Z  INFO 36221 --- [LoginApp] [SpringApplicationShutdownHook] com.zaxxer.hikari.HikariDataSource       : HikariPool-1 - Shutdown initiated...
2024-05-07T16:09:20.426Z  INFO 36221 --- [LoginApp] [SpringApplicationShutdownHook] com.zaxxer.hikari.HikariDataSource       : HikariPool-1 - Shutdown completed.
2024-05-07T16:18:33.190Z  INFO 14239 --- [LoginApp] [SpringApplicationShutdownHook] j.LocalContainerEntityManagerFactoryBean : Closing JPA EntityManagerFactory for persistence unit 'default'
2024-05-07T16:18:33.207Z  INFO 14239 --- [LoginApp] [SpringApplicationShutdownHook] com.zaxxer.hikari.HikariDataSource       : HikariPool-1 - Shutdown initiated...
2024-05-07T16:18:33.276Z  INFO 14239 --- [LoginApp] [SpringApplicationShutdownHook] com.zaxxer.hikari.HikariDataSource       : HikariPool-1 - Shutdown completed.
2024-05-07T16:19:03.575Z  INFO 37639 --- [LoginApp] [restartedMain] com.cognizant.LoginAppApplication        : Starting LoginAppApplication using Java 17.0.10 with PID 37639 (/home/ubuntu/CogPsSolution/Capstone Project/capstoneproject/LoginApp/target/classes started by ubuntu in /home/ubuntu/CogPsSolution/Capstone Project/capstoneproject/LoginApp)
2024-05-07T16:19:03.587Z  INFO 37639 --- [LoginApp] [restartedMain] com.cognizant.LoginAppApplication        : No active profile set, falling back to 1 default profile: "default"
2024-05-07T16:19:03.855Z  INFO 37639 --- [LoginApp] [restartedMain] .e.DevToolsPropertyDefaultsPostProcessor : Devtools property defaults active! Set 'spring.devtools.add-properties' to 'false' to disable
2024-05-07T16:19:03.856Z  INFO 37639 --- [LoginApp] [restartedMain] .e.DevToolsPropertyDefaultsPostProcessor : For additional web related logging consider setting the 'logging.level.web' property to 'DEBUG'
2024-05-07T16:19:05.786Z  INFO 37639 --- [LoginApp] [restartedMain] .s.d.r.c.RepositoryConfigurationDelegate : Bootstrapping Spring Data JPA repositories in DEFAULT mode.
2024-05-07T16:19:06.009Z  INFO 37639 --- [LoginApp] [restartedMain] .s.d.r.c.RepositoryConfigurationDelegate : Finished Spring Data repository scanning in 205 ms. Found 1 JPA repository interface.
2024-05-07T16:19:07.744Z  INFO 37639 --- [LoginApp] [restartedMain] o.s.b.w.embedded.tomcat.TomcatWebServer  : Tomcat initialized with port 8081 (http)
2024-05-07T16:19:07.770Z  INFO 37639 --- [LoginApp] [restartedMain] o.apache.catalina.core.StandardService   : Starting service [Tomcat]
2024-05-07T16:19:07.776Z  INFO 37639 --- [LoginApp] [restartedMain] o.apache.catalina.core.StandardEngine    : Starting Servlet engine: [Apache Tomcat/10.1.20]
2024-05-07T16:19:07.894Z  INFO 37639 --- [LoginApp] [restartedMain] o.a.c.c.C.[Tomcat].[localhost].[/]       : Initializing Spring embedded WebApplicationContext
2024-05-07T16:19:07.895Z  INFO 37639 --- [LoginApp] [restartedMain] w.s.c.ServletWebServerApplicationContext : Root WebApplicationContext: initialization completed in 4037 ms
2024-05-07T16:19:08.438Z  INFO 37639 --- [LoginApp] [restartedMain] o.hibernate.jpa.internal.util.LogHelper  : HHH000204: Processing PersistenceUnitInfo [name: default]
2024-05-07T16:19:08.544Z  INFO 37639 --- [LoginApp] [restartedMain] org.hibernate.Version                    : HHH000412: Hibernate ORM core version 6.4.4.Final
2024-05-07T16:19:08.630Z  INFO 37639 --- [LoginApp] [restartedMain] o.h.c.internal.RegionFactoryInitiator    : HHH000026: Second-level cache disabled
2024-05-07T16:19:09.071Z  INFO 37639 --- [LoginApp] [restartedMain] o.s.o.j.p.SpringPersistenceUnitInfo      : No LoadTimeWeaver setup: ignoring JPA class transformer
2024-05-07T16:19:09.127Z  INFO 37639 --- [LoginApp] [restartedMain] com.zaxxer.hikari.HikariDataSource       : HikariPool-1 - Starting...
2024-05-07T16:19:09.921Z  INFO 37639 --- [LoginApp] [restartedMain] com.zaxxer.hikari.pool.HikariPool        : HikariPool-1 - Added connection com.mysql.cj.jdbc.ConnectionImpl@54ca15a3
2024-05-07T16:19:09.924Z  INFO 37639 --- [LoginApp] [restartedMain] com.zaxxer.hikari.HikariDataSource       : HikariPool-1 - Start completed.
2024-05-07T16:19:10.092Z  WARN 37639 --- [LoginApp] [restartedMain] org.hibernate.orm.deprecation            : HHH90000025: MySQLDialect does not need to be specified explicitly using 'hibernate.dialect' (remove the property setting and it will be selected by default)
2024-05-07T16:19:12.357Z  INFO 37639 --- [LoginApp] [restartedMain] o.h.e.t.j.p.i.JtaPlatformInitiator       : HHH000489: No JTA platform available (set 'hibernate.transaction.jta.platform' to enable JTA platform integration)
2024-05-07T16:19:12.518Z  INFO 37639 --- [LoginApp] [restartedMain] j.LocalContainerEntityManagerFactoryBean : Initialized JPA EntityManagerFactory for persistence unit 'default'
2024-05-07T16:19:13.144Z  INFO 37639 --- [LoginApp] [restartedMain] o.s.d.j.r.query.QueryEnhancerFactory     : Hibernate is in classpath; If applicable, HQL parser will be used.
2024-05-07T16:19:13.332Z  WARN 37639 --- [LoginApp] [restartedMain] JpaBaseConfiguration$JpaWebConfiguration : spring.jpa.open-in-view is enabled by default. Therefore, database queries may be performed during view rendering. Explicitly configure spring.jpa.open-in-view to disable this warning
2024-05-07T16:19:14.354Z  WARN 37639 --- [LoginApp] [restartedMain] o.s.b.d.a.OptionalLiveReloadServer       : Unable to start LiveReload server
2024-05-07T16:19:14.483Z  INFO 37639 --- [LoginApp] [restartedMain] o.s.b.w.embedded.tomcat.TomcatWebServer  : Tomcat started on port 8081 (http) with context path ''
2024-05-07T16:19:14.529Z  INFO 37639 --- [LoginApp] [restartedMain] com.cognizant.LoginAppApplication        : Started LoginAppApplication in 12.481 seconds (process running for 14.804)
2024-05-07T16:24:34.210Z  INFO 37639 --- [LoginApp] [http-nio-8081-exec-1] o.a.c.c.C.[Tomcat].[localhost].[/]       : Initializing Spring DispatcherServlet 'dispatcherServlet'
2024-05-07T16:24:34.212Z  INFO 37639 --- [LoginApp] [http-nio-8081-exec-1] o.s.web.servlet.DispatcherServlet        : Initializing Servlet 'dispatcherServlet'
2024-05-07T16:24:34.229Z  INFO 37639 --- [LoginApp] [http-nio-8081-exec-1] o.s.web.servlet.DispatcherServlet        : Completed initialization in 17 ms
2024-05-07T16:33:49.106Z  INFO 37639 --- [LoginApp] [SpringApplicationShutdownHook] j.LocalContainerEntityManagerFactoryBean : Closing JPA EntityManagerFactory for persistence unit 'default'
2024-05-07T16:33:49.113Z  INFO 37639 --- [LoginApp] [SpringApplicationShutdownHook] com.zaxxer.hikari.HikariDataSource       : HikariPool-1 - Shutdown initiated...
2024-05-07T16:33:49.137Z  INFO 37639 --- [LoginApp] [SpringApplicationShutdownHook] com.zaxxer.hikari.HikariDataSource       : HikariPool-1 - Shutdown completed.
